
> starter@1.0.0 e2e:base /Users/jiweiye/Desktop/web development/hw6/frontend
> mocha --opts e2e/mocha.opts e2e/*.spec.js "--reporter" "xunit"

<testsuite name="Mocha Tests" tests="13" failures="0" errors="0" skipped="0" timestamp="Wed, 09 Nov 2016 04:48:29 GMT" time="16.608">
<testcase classname="End-to-End Test: Landing Page" name="should register new user and display the success message" time="0.232"/>
<testcase classname="End-to-End Test: Landing Page" name="should login as test user" time="2.962"/>
<testcase classname="End-to-End Test: Main Page" name="should create new article and the article appears in feed" time="0.82"/>
<testcase classname="End-to-End Test: Main Page" name="should edit an article and validate the article text has updated" time="2.005"/>
<testcase classname="End-to-End Test: Main Page" name="should update headline and verify change" time="0.414"/>
<testcase classname="End-to-End Test: Main Page" name="should count the number of followed users" time="0.217"/>
<testcase classname="End-to-End Test: Main Page" name="should add the &quot;Follower&quot; user and verify following count increases by one" time="0.629"/>
<testcase classname="End-to-End Test: Main Page" name="should Remove the Follower user and verify following count decreases by one" time="0.567"/>
<testcase classname="End-to-End Test: Main Page" name="should search for &quot;Only One Article Like This&quot; andverify only one article shows, and verify the author" time="0.713"/>
<testcase classname="End-to-End Test: Profile Page" name="should update the email and verify" time="0.953"/>
<testcase classname="End-to-End Test: Profile Page" name="should update the zipcode and verify" time="0.897"/>
<testcase classname="End-to-End Test: Profile Page" name="should update the password and verify a &quot;will not change&quot; message is returned" time="1.159"/>
<testcase classname="shutdown" name="now" time="0.106"/>
</testsuite>
